Determining if the pthread_create exist failed with the following output:
Change Dir: /home/hans/git/learn_ros_kinetic/num3/p_s_cpp/build/CMakeFiles/CMakeTmp

Run Build Command:"/usr/bin/make" "cmTC_5e48b/fast"
/usr/bin/make -f CMakeFiles/cmTC_5e48b.dir/build.make CMakeFiles/cmTC_5e48b.dir/build
make[1]: Entering directory '/home/hans/git/learn_ros_kinetic/num3/p_s_cpp/build/CMakeFiles/CMakeTmp'
Building C object CMakeFiles/cmTC_5e48b.dir/CheckSymbolExists.c.o
/usr/bin/cc     -o CMakeFiles/cmTC_5e48b.dir/CheckSymbolExists.c.o   -c /home/hans/git/learn_ros_kinetic/num3/p_s_cpp/build/CMakeFiles/CMakeTmp/CheckSymbolExists.c
Linking C executable cmTC_5e48b
/usr/bin/cmake -E cmake_link_script CMakeFiles/cmTC_5e48b.dir/link.txt --verbose=1
/usr/bin/cc       CMakeFiles/cmTC_5e48b.dir/CheckSymbolExists.c.o  -o cmTC_5e48b -rdynamic 
CMakeFiles/cmTC_5e48b.dir/CheckSymbolExists.c.o：在函数‘main’中：
CheckSymbolExists.c:(.text+0x16)：对‘pthread_create’未定义的引用
collect2: error: ld returned 1 exit status
CMakeFiles/cmTC_5e48b.dir/build.make:97: recipe for target 'cmTC_5e48b' failed
make[1]: *** [cmTC_5e48b] Error 1
make[1]: Leaving directory '/home/hans/git/learn_ros_kinetic/num3/p_s_cpp/build/CMakeFiles/CMakeTmp'
Makefile:126: recipe for target 'cmTC_5e48b/fast' failed
make: *** [cmTC_5e48b/fast] Error 2

File /home/hans/git/learn_ros_kinetic/num3/p_s_cpp/build/CMakeFiles/CMakeTmp/CheckSymbolExists.c:
/* */
#include <pthread.h>

int main(int argc, char** argv)
{
  (void)argv;
#ifndef pthread_create
  return ((int*)(&pthread_create))[argc];
#else
  (void)argc;
  return 0;
#endif
}

Determining if the function pthread_create exists in the pthreads failed with the following output:
Change Dir: /home/hans/git/learn_ros_kinetic/num3/p_s_cpp/build/CMakeFiles/CMakeTmp

Run Build Command:"/usr/bin/make" "cmTC_38852/fast"
/usr/bin/make -f CMakeFiles/cmTC_38852.dir/build.make CMakeFiles/cmTC_38852.dir/build
make[1]: Entering directory '/home/hans/git/learn_ros_kinetic/num3/p_s_cpp/build/CMakeFiles/CMakeTmp'
Building C object CMakeFiles/cmTC_38852.dir/CheckFunctionExists.c.o
/usr/bin/cc    -DCHECK_FUNCTION_EXISTS=pthread_create   -o CMakeFiles/cmTC_38852.dir/CheckFunctionExists.c.o   -c /usr/share/cmake-3.5/Modules/CheckFunctionExists.c
Linking C executable cmTC_38852
/usr/bin/cmake -E cmake_link_script CMakeFiles/cmTC_38852.dir/link.txt --verbose=1
/usr/bin/cc   -DCHECK_FUNCTION_EXISTS=pthread_create    CMakeFiles/cmTC_38852.dir/CheckFunctionExists.c.o  -o cmTC_38852 -rdynamic -lpthreads 
/usr/bin/ld: 找不到 -lpthreads
collect2: error: ld returned 1 exit status
CMakeFiles/cmTC_38852.dir/build.make:97: recipe for target 'cmTC_38852' failed
make[1]: *** [cmTC_38852] Error 1
make[1]: Leaving directory '/home/hans/git/learn_ros_kinetic/num3/p_s_cpp/build/CMakeFiles/CMakeTmp'
Makefile:126: recipe for target 'cmTC_38852/fast' failed
make: *** [cmTC_38852/fast] Error 2


